Using pre-set license
Built from '2021.2/staging' branch; Version is '2021.2.2f1 (5e2b1e92c7f8) revision 6171422'; Using compiler version '192829333'; Build Type 'Release'
OS: 'Windows 10 Home; OS build 19043.1466; Version 2009; 64bit' Language: 'en' Physical Memory: 16267 MB
BatchMode: 1, IsHumanControllingUs: 0, StartBugReporterOnCrash: 0, Is64bit: 1, IsPro: 0

COMMAND LINE ARGUMENTS:
D:\Unity\2021.2.2f1\Editor\Unity.exe
-adb2
-batchMode
-noUpm
-name
AssetImportWorker0
-projectPath
D:/Projects/Unity Projects/Ecosystem3D
-logFile
Logs/AssetImportWorker0.log
-srvPort
8787
Successfully changed project path to: D:/Projects/Unity Projects/Ecosystem3D
D:/Projects/Unity Projects/Ecosystem3D
[UnityMemory] Configuration Parameters - Can be set up in boot.config
    "memorysetup-bucket-allocator-granularity=16"
    "memorysetup-bucket-allocator-bucket-count=8"
    "memorysetup-bucket-allocator-block-size=33554432"
    "memorysetup-bucket-allocator-block-count=8"
    "memorysetup-main-allocator-block-size=16777216"
    "memorysetup-thread-allocator-block-size=16777216"
    "memorysetup-gfx-main-allocator-block-size=16777216"
    "memorysetup-gfx-thread-allocator-block-size=16777216"
    "memorysetup-cache-allocator-block-size=4194304"
    "memorysetup-typetree-allocator-block-size=2097152"
    "memorysetup-profiler-bucket-allocator-granularity=16"
    "memorysetup-profiler-bucket-allocator-bucket-count=8"
    "memorysetup-profiler-bucket-allocator-block-size=33554432"
    "memorysetup-profiler-bucket-allocator-block-count=8"
    "memorysetup-profiler-allocator-block-size=16777216"
    "memorysetup-profiler-editor-allocator-block-size=1048576"
    "memorysetup-temp-allocator-size-main=16777216"
    "memorysetup-job-temp-allocator-block-size=2097152"
    "memorysetup-job-temp-allocator-block-size-background=1048576"
    "memorysetup-job-temp-allocator-reduction-small-platforms=262144"
    "memorysetup-temp-allocator-size-background-worker=32768"
    "memorysetup-temp-allocator-size-job-worker=262144"
    "memorysetup-temp-allocator-size-preload-manager=33554432"
    "memorysetup-temp-allocator-size-nav-mesh-worker=65536"
    "memorysetup-temp-allocator-size-audio-worker=65536"
    "memorysetup-temp-allocator-size-cloud-worker=32768"
    "memorysetup-temp-allocator-size-gi-baking-worker=262144"
    "memorysetup-temp-allocator-size-gfx=262144"
Refreshing native plugins compatible for Editor in 86.75 ms, found 3 plugins.
Preloading 0 native plugins for Editor in 0.00 ms.
Initialize engine version: 2021.2.2f1 (5e2b1e92c7f8)
[Subsystems] Discovering subsystems at path D:/Unity/2021.2.2f1/Editor/Data/Resources/UnitySubsystems
[Subsystems] Discovering subsystems at path D:/Projects/Unity Projects/Ecosystem3D/Assets
GfxDevice: creating device client; threaded=0; jobified=0
Direct3D:
    Version:  Direct3D 11.0 [level 11.1]
    Renderer: Microsoft Basic Render Driver (ID=0x8c)
    Vendor:   Microsoft
    VRAM:     8133 MB
Initialize mono
Mono path[0] = 'D:/Unity/2021.2.2f1/Editor/Data/Managed'
Mono path[1] = 'D:/Unity/2021.2.2f1/Editor/Data/MonoBleedingEdge/lib/mono/unityjit-win32'
Mono config path = 'D:/Unity/2021.2.2f1/Editor/Data/MonoBleedingEdge/etc'
Using monoOptions --debugger-agent=transport=dt_socket,embedding=1,server=y,suspend=n,address=127.0.0.1:56872
Begin MonoManager ReloadAssembly
Registering precompiled unity dll's ...
Register platform support module: D:/Unity/2021.2.2f1/Editor/Data/PlaybackEngines/WindowsStandaloneSupport/UnityEditor.WindowsStandalone.Extensions.dll
Registered in 0.002847 seconds.
Native extension for WindowsStandalone target not found
Refreshing native plugins compatible for Editor in 81.46 ms, found 3 plugins.
Preloading 0 native plugins for Editor in 0.00 ms.
Mono: successfully reloaded assembly
- Completed reload, in  0.705 seconds
Domain Reload Profiling:
	ReloadAssembly (705ms)
		BeginReloadAssembly (88ms)
			ExecutionOrderSort (0ms)
			DisableScriptedObjects (0ms)
			BackupInstance (0ms)
			ReleaseScriptingObjects (0ms)
			CreateAndSetChildDomain (1ms)
		EndReloadAssembly (538ms)
			LoadAssemblies (87ms)
			RebuildTransferFunctionScriptingTraits (0ms)
			SetupTypeCache (125ms)
			ReleaseScriptCaches (0ms)
			RebuildScriptCaches (34ms)
			SetupLoadedEditorAssemblies (323ms)
				LogAssemblyErrors (0ms)
				InitializePlatformSupportModulesInManaged (16ms)
				SetLoadedEditorAssemblies (0ms)
				RefreshPlugins (82ms)
				BeforeProcessingInitializeOnLoad (1ms)
				ProcessInitializeOnLoadAttributes (166ms)
				ProcessInitializeOnLoadMethodAttributes (58ms)
				AfterProcessingInitializeOnLoad (0ms)
				EditorAssembliesLoaded (0ms)
			ExecutionOrderSort2 (0ms)
			AwakeInstancesAfterBackupRestoration (0ms)
Platform modules already initialized, skipping
Registering precompiled user dll's ...
Registered in 0.004619 seconds.
Begin MonoManager ReloadAssembly
Native extension for WindowsStandalone target not found
Refreshing native plugins compatible for Editor in 8.94 ms, found 3 plugins.
Preloading 0 native plugins for Editor in 0.00 ms.
Mono: successfully reloaded assembly
- Completed reload, in  1.354 seconds
Domain Reload Profiling:
	ReloadAssembly (1355ms)
		BeginReloadAssembly (211ms)
			ExecutionOrderSort (0ms)
			DisableScriptedObjects (6ms)
			BackupInstance (0ms)
			ReleaseScriptingObjects (0ms)
			CreateAndSetChildDomain (32ms)
		EndReloadAssembly (1039ms)
			LoadAssemblies (83ms)
			RebuildTransferFunctionScriptingTraits (0ms)
			SetupTypeCache (275ms)
			ReleaseScriptCaches (1ms)
			RebuildScriptCaches (58ms)
			SetupLoadedEditorAssemblies (461ms)
				LogAssemblyErrors (0ms)
				InitializePlatformSupportModulesInManaged (13ms)
				SetLoadedEditorAssemblies (8ms)
				RefreshPlugins (9ms)
				BeforeProcessingInitializeOnLoad (116ms)
				ProcessInitializeOnLoadAttributes (276ms)
				ProcessInitializeOnLoadMethodAttributes (35ms)
				AfterProcessingInitializeOnLoad (3ms)
				EditorAssembliesLoaded (0ms)
			ExecutionOrderSort2 (0ms)
			AwakeInstancesAfterBackupRestoration (7ms)
Platform modules already initialized, skipping
========================================================================
Worker process is ready to serve import requests
Launched and connected shader compiler UnityShaderCompiler.exe after 0.09 seconds
Refreshing native plugins compatible for Editor in 0.53 ms, found 3 plugins.
Preloading 0 native plugins for Editor in 0.00 ms.
Unloading 3148 Unused Serialized files (Serialized files now loaded: 0)
Unloading 27 unused Assets / (55.4 KB). Loaded Objects now: 3614.
Memory consumption went from 112.5 MB to 112.5 MB.
Total: 3.531100 ms (FindLiveObjects: 0.326000 ms CreateObjectMapping: 0.204900 ms MarkObjects: 2.927800 ms  DeleteObjects: 0.071300 ms)

AssetImportParameters requested are different than current active one (requested -> active):
  custom:video-decoder-ogg-theora: a1e56fd34408186e4bbccfd4996cb3dc -> 
  custom:container-muxer-webm: aa71ff27fc2769a1b78a27578f13a17b -> 
  custom:container-demuxer-webm: 4f35f7cbe854078d1ac9338744f61a02 -> 
  custom:video-encoder-webm-vp8: eb34c28f22e8b96e1ab97ce403110664 -> 
  custom:audio-encoder-webm-vorbis: bf7c407c2cedff20999df2af8eb42d56 -> 
  custom:framework-win-MediaFoundation: 216162199b28c13a410421893ffa2e32 -> 
  custom:container-demuxer-ogg: 62fdf1f143b41e24485cea50d1cbac27 -> 
  custom:video-decoder-webm-vp8: 9c59270c3fd7afecdb556c50c9e8de78 -> 
  custom:audio-decoder-ogg-vorbis: bf7c407c2cedff20999df2af8eb42d56 -> 
========================================================================
Received Import Request.
  Time since last request: 375100.303865 seconds.
  path: Assets/Models/Prefabs/ForestStone.prefab
  artifactKey: Guid(555e198ef2700174e8c015f505a82508) Importer(815301076,1909f56bfc062723c751e8b465ee728b)
Start importing Assets/Models/Prefabs/ForestStone.prefab using Guid(555e198ef2700174e8c015f505a82508) Importer(815301076,1909f56bfc062723c751e8b465ee728b)  -> (artifact id: '906d95a5f504fb1845bab81e5854e2ff') in 0.049140 seconds 
========================================================================
Received Import Request.
  Time since last request: 0.000027 seconds.
  path: Assets/Models/Prefabs/ForestCloud.prefab
  artifactKey: Guid(fbd2ec619497cef458d3dc2cfd5c2a1d) Importer(815301076,1909f56bfc062723c751e8b465ee728b)
Start importing Assets/Models/Prefabs/ForestCloud.prefab using Guid(fbd2ec619497cef458d3dc2cfd5c2a1d) Importer(815301076,1909f56bfc062723c751e8b465ee728b)  -> (artifact id: '7d54c70507b38c23cb9affba688b5968') in 0.044297 seconds 
========================================================================
Received Import Request.
  Time since last request: 0.000027 seconds.
  path: Assets/Models/Prefabs/ForestEndCube.prefab
  artifactKey: Guid(e770b1781079c624598e00958b5627f1) Importer(815301076,1909f56bfc062723c751e8b465ee728b)
Start importing Assets/Models/Prefabs/ForestEndCube.prefab using Guid(e770b1781079c624598e00958b5627f1) Importer(815301076,1909f56bfc062723c751e8b465ee728b)  -> (artifact id: '1c3a7cf6f63f4efe894eab6c2c5c04dc') in 0.054924 seconds 
========================================================================
Received Import Request.
  Time since last request: 0.000032 seconds.
  path: Assets/Models/Prefabs/ForestCanoe.prefab
  artifactKey: Guid(7fa7ce222c1a3b347b5dd7d331b75def) Importer(815301076,1909f56bfc062723c751e8b465ee728b)
Start importing Assets/Models/Prefabs/ForestCanoe.prefab using Guid(7fa7ce222c1a3b347b5dd7d331b75def) Importer(815301076,1909f56bfc062723c751e8b465ee728b)  -> (artifact id: '9f5e8f8920ad9f853f9845f35f995cbb') in 0.058757 seconds 
========================================================================
Received Import Request.
  Time since last request: 0.000037 seconds.
  path: Assets/Models/Prefabs/ForestTreeSpruce_01.prefab
  artifactKey: Guid(7eb4581f0c667fa408eca9961c38e9cf) Importer(815301076,1909f56bfc062723c751e8b465ee728b)
Start importing Assets/Models/Prefabs/ForestTreeSpruce_01.prefab using Guid(7eb4581f0c667fa408eca9961c38e9cf) Importer(815301076,1909f56bfc062723c751e8b465ee728b)  -> (artifact id: '4e54b81ad1b2f40c59851cd4e12b9ac9') in 0.051388 seconds 
========================================================================
Received Import Request.
  Time since last request: 0.000045 seconds.
  path: Assets/Models/Prefabs/ForestEnd.prefab
  artifactKey: Guid(0a4bd86baed6b6545b950be40d9b010e) Importer(815301076,1909f56bfc062723c751e8b465ee728b)
Start importing Assets/Models/Prefabs/ForestEnd.prefab using Guid(0a4bd86baed6b6545b950be40d9b010e) Importer(815301076,1909f56bfc062723c751e8b465ee728b)  -> (artifact id: '2e0f7c8a88e1eab79b99ec7d83675506') in 0.088146 seconds 
========================================================================
Received Import Request.
  Time since last request: 0.000024 seconds.
  path: Assets/Models/Prefabs/ForestStraight.prefab
  artifactKey: Guid(075e256c608a97544a44c478d680cacc) Importer(815301076,1909f56bfc062723c751e8b465ee728b)
Start importing Assets/Models/Prefabs/ForestStraight.prefab using Guid(075e256c608a97544a44c478d680cacc) Importer(815301076,1909f56bfc062723c751e8b465ee728b)  -> (artifact id: 'ae4905fc2b8c3b7639f74d21f44d3aff') in 0.016184 seconds 
========================================================================
Received Import Request.
  Time since last request: 0.000053 seconds.
  path: Assets/Models/Prefabs/ForestTreeTrunkBrunch.prefab
  artifactKey: Guid(71e8f59613bb7aa4eac607caf6b6ff4a) Importer(815301076,1909f56bfc062723c751e8b465ee728b)
Start importing Assets/Models/Prefabs/ForestTreeTrunkBrunch.prefab using Guid(71e8f59613bb7aa4eac607caf6b6ff4a) Importer(815301076,1909f56bfc062723c751e8b465ee728b)  -> (artifact id: 'aaaf418a28123a20cbea0728232bdd2c') in 0.051799 seconds 
========================================================================
Received Import Request.
  Time since last request: 0.000023 seconds.
  path: Assets/Models/Prefabs/ForestRiverCurve.prefab
  artifactKey: Guid(a2192844efd01c64c85b29fbf2a64b80) Importer(815301076,1909f56bfc062723c751e8b465ee728b)
Start importing Assets/Models/Prefabs/ForestRiverCurve.prefab using Guid(a2192844efd01c64c85b29fbf2a64b80) Importer(815301076,1909f56bfc062723c751e8b465ee728b)  -> (artifact id: '8af535c6f1a3b575b3c9dc719cc192a3') in 0.038882 seconds 
========================================================================
Received Import Request.
  Time since last request: 0.000031 seconds.
  path: Assets/Models/Prefabs/ForestFire.prefab
  artifactKey: Guid(b8b6bb55085b1af42a8afe70d616475d) Importer(815301076,1909f56bfc062723c751e8b465ee728b)
Start importing Assets/Models/Prefabs/ForestFire.prefab using Guid(b8b6bb55085b1af42a8afe70d616475d) Importer(815301076,1909f56bfc062723c751e8b465ee728b)  -> (artifact id: 'cede1a176d7b59e7fa63843489efc90c') in 0.102374 seconds 
========================================================================
Received Import Request.
  Time since last request: 0.000044 seconds.
  path: Assets/Models/Prefabs/ForestCurveCube.prefab
  artifactKey: Guid(49ad31477b6d1a44a9cab8ec4ac24967) Importer(815301076,1909f56bfc062723c751e8b465ee728b)
Start importing Assets/Models/Prefabs/ForestCurveCube.prefab using Guid(49ad31477b6d1a44a9cab8ec4ac24967) Importer(815301076,1909f56bfc062723c751e8b465ee728b)  -> (artifact id: '5d52096b039ede33c83c44bc60516daf') in 0.100277 seconds 
========================================================================
Received Import Request.
  Time since last request: 0.000030 seconds.
  path: Assets/Models/Prefabs/ForestTent_02.prefab
  artifactKey: Guid(0cf362b5a01fa214d9efe8177d5fd898) Importer(815301076,1909f56bfc062723c751e8b465ee728b)
Start importing Assets/Models/Prefabs/ForestTent_02.prefab using Guid(0cf362b5a01fa214d9efe8177d5fd898) Importer(815301076,1909f56bfc062723c751e8b465ee728b)  -> (artifact id: '2896eac446cfc9a388d4befe90eea185') in 0.117116 seconds 
========================================================================
Received Import Request.
  Time since last request: 0.000033 seconds.
  path: Assets/Models/Prefabs/ForestStart.prefab
  artifactKey: Guid(4592ffcc2319b5d4c9e9e5445cb0a3dd) Importer(815301076,1909f56bfc062723c751e8b465ee728b)
Start importing Assets/Models/Prefabs/ForestStart.prefab using Guid(4592ffcc2319b5d4c9e9e5445cb0a3dd) Importer(815301076,1909f56bfc062723c751e8b465ee728b)  -> (artifact id: '90b183b344449892f55cc07795bdd849') in 0.080534 seconds 
========================================================================
Received Import Request.
  Time since last request: 0.000032 seconds.
  path: Assets/Models/Prefabs/ForestTree_01.prefab
  artifactKey: Guid(eb1a707a529852141a362bd766f4f1b2) Importer(815301076,1909f56bfc062723c751e8b465ee728b)
Start importing Assets/Models/Prefabs/ForestTree_01.prefab using Guid(eb1a707a529852141a362bd766f4f1b2) Importer(815301076,1909f56bfc062723c751e8b465ee728b)  -> (artifact id: 'bc42e3cf159658711e3192d8824bed84') in 0.075029 seconds 
========================================================================
Received Import Request.
  Time since last request: 0.000023 seconds.
  path: Assets/Models/Prefabs/ForestStraightCube.prefab
  artifactKey: Guid(d1104b73e32215f488d5627a05f1e34a) Importer(815301076,1909f56bfc062723c751e8b465ee728b)
Start importing Assets/Models/Prefabs/ForestStraightCube.prefab using Guid(d1104b73e32215f488d5627a05f1e34a) Importer(815301076,1909f56bfc062723c751e8b465ee728b)  -> (artifact id: '7edb975c05991446abf3c45d3fee7bdd') in 0.103397 seconds 
========================================================================
Received Import Request.
  Time since last request: 0.000026 seconds.
  path: Assets/Models/Prefabs/ForestEmpty.prefab
  artifactKey: Guid(523179bae0cae194581660e396e1f717) Importer(815301076,1909f56bfc062723c751e8b465ee728b)
Start importing Assets/Models/Prefabs/ForestEmpty.prefab using Guid(523179bae0cae194581660e396e1f717) Importer(815301076,1909f56bfc062723c751e8b465ee728b)  -> (artifact id: '400355a6ca06e12128cef0bf9163e3e7') in 0.044796 seconds 
========================================================================
Received Import Request.
  Time since last request: 0.013398 seconds.
  path: Assets/Models/Prefabs/ForestBridge_01.prefab
  artifactKey: Guid(362b4fcdba5843540915d64ba968b59c) Importer(815301076,1909f56bfc062723c751e8b465ee728b)
Start importing Assets/Models/Prefabs/ForestBridge_01.prefab using Guid(362b4fcdba5843540915d64ba968b59c) Importer(815301076,1909f56bfc062723c751e8b465ee728b)  -> (artifact id: '6df1c88ecdcb782622534ab9252186ab') in 0.075050 seconds 
========================================================================
Received Import Request.
  Time since last request: 0.000028 seconds.
  path: Assets/Models/Prefabs/ForestCrossingCube_02.prefab
  artifactKey: Guid(a6f91e1c5b8e33f45907cc4451c6aebe) Importer(815301076,1909f56bfc062723c751e8b465ee728b)
Start importing Assets/Models/Prefabs/ForestCrossingCube_02.prefab using Guid(a6f91e1c5b8e33f45907cc4451c6aebe) Importer(815301076,1909f56bfc062723c751e8b465ee728b)  -> (artifact id: '09784f9f64375341ca24c7b6f9531395') in 0.091149 seconds 
========================================================================
Received Import Request.
  Time since last request: 0.000024 seconds.
  path: Assets/Models/Prefabs/ForestBridge_02.prefab
  artifactKey: Guid(872ce1e2978c82a498d2e07891c1c863) Importer(815301076,1909f56bfc062723c751e8b465ee728b)
Start importing Assets/Models/Prefabs/ForestBridge_02.prefab using Guid(872ce1e2978c82a498d2e07891c1c863) Importer(815301076,1909f56bfc062723c751e8b465ee728b)  -> (artifact id: '696acda96de8c38c6ce4f347c2466c28') in 0.080198 seconds 
========================================================================
Received Import Request.
  Time since last request: 0.000030 seconds.
  path: Assets/Models/Prefabs/ForestTreeTrunkBench.prefab
  artifactKey: Guid(dbeece519b3201d40bab1dccf57d1b94) Importer(815301076,1909f56bfc062723c751e8b465ee728b)
Start importing Assets/Models/Prefabs/ForestTreeTrunkBench.prefab using Guid(dbeece519b3201d40bab1dccf57d1b94) Importer(815301076,1909f56bfc062723c751e8b465ee728b)  -> (artifact id: '8e19293eb19b50cdf174b96fcf4af515') in 0.075025 seconds 
========================================================================
Received Import Request.
  Time since last request: 0.000025 seconds.
  path: Assets/Models/Prefabs/ForestMushroom02.prefab
  artifactKey: Guid(e235564b5e5ef2342a37bf3904f414eb) Importer(815301076,1909f56bfc062723c751e8b465ee728b)
Start importing Assets/Models/Prefabs/ForestMushroom02.prefab using Guid(e235564b5e5ef2342a37bf3904f414eb) Importer(815301076,1909f56bfc062723c751e8b465ee728b)  -> (artifact id: '968a7249b0ef93cbdeb386f4c8217695') in 0.077887 seconds 
========================================================================
Received Import Request.
  Time since last request: 0.000027 seconds.
  path: Assets/Models/Prefabs/ForestTreeSpruce_02.prefab
  artifactKey: Guid(10439822d9177544890bd5507141c445) Importer(815301076,1909f56bfc062723c751e8b465ee728b)
Start importing Assets/Models/Prefabs/ForestTreeSpruce_02.prefab using Guid(10439822d9177544890bd5507141c445) Importer(815301076,1909f56bfc062723c751e8b465ee728b)  -> (artifact id: '493e4c0f51edb73e5b25d285ceeebc74') in 0.075282 seconds 
========================================================================
Received Import Request.
  Time since last request: 0.000035 seconds.
  path: Assets/Models/Prefabs/ForestTent_03.prefab
  artifactKey: Guid(1c24b08371d7c0d458e921f91d1e399c) Importer(815301076,1909f56bfc062723c751e8b465ee728b)
Start importing Assets/Models/Prefabs/ForestTent_03.prefab using Guid(1c24b08371d7c0d458e921f91d1e399c) Importer(815301076,1909f56bfc062723c751e8b465ee728b)  -> (artifact id: 'd869c13f650f93f3c02330889d99adf6') in 0.023212 seconds 
========================================================================
Received Import Request.
  Time since last request: 0.000026 seconds.
  path: Assets/Models/Prefabs/ForestLake.prefab
  artifactKey: Guid(be490ffe79e30544ba15d4b75d2a0a0a) Importer(815301076,1909f56bfc062723c751e8b465ee728b)
Start importing Assets/Models/Prefabs/ForestLake.prefab using Guid(be490ffe79e30544ba15d4b75d2a0a0a) Importer(815301076,1909f56bfc062723c751e8b465ee728b)  -> (artifact id: '2976a845ca4ac737eac102e5e3c84214') in 0.055677 seconds 
========================================================================
Received Import Request.
  Time since last request: 0.000044 seconds.
  path: Assets/Models/Prefabs/ForestLakeCube.prefab
  artifactKey: Guid(8cd44f140558b1f408095ed42bae09c0) Importer(815301076,1909f56bfc062723c751e8b465ee728b)
Start importing Assets/Models/Prefabs/ForestLakeCube.prefab using Guid(8cd44f140558b1f408095ed42bae09c0) Importer(815301076,1909f56bfc062723c751e8b465ee728b)  -> (artifact id: 'ef3d0908877f328adef6ab0be1d0e4f1') in 0.073309 seconds 
========================================================================
Received Import Request.
  Time since last request: 0.000049 seconds.
  path: Assets/Models/Prefabs/ForestTree_02.prefab
  artifactKey: Guid(abb496bb1552971468c958f0ec329e5a) Importer(815301076,1909f56bfc062723c751e8b465ee728b)
Start importing Assets/Models/Prefabs/ForestTree_02.prefab using Guid(abb496bb1552971468c958f0ec329e5a) Importer(815301076,1909f56bfc062723c751e8b465ee728b)  -> (artifact id: '654bfe7d6e55e1dae74d3ff8fe9819b4') in 0.059620 seconds 
========================================================================
Received Import Request.
  Time since last request: 0.000080 seconds.
  path: Assets/Models/Prefabs/ForestCrossingCube_01.prefab
  artifactKey: Guid(57e0992499127cb4b8f43c18fd3c02ad) Importer(815301076,1909f56bfc062723c751e8b465ee728b)
Start importing Assets/Models/Prefabs/ForestCrossingCube_01.prefab using Guid(57e0992499127cb4b8f43c18fd3c02ad) Importer(815301076,1909f56bfc062723c751e8b465ee728b)  -> (artifact id: 'e87f5c2272de85dc5ffa4be90adfe22b') in 0.102808 seconds 
========================================================================
Received Import Request.
  Time since last request: 0.000025 seconds.
  path: Assets/Models/Prefabs/ForestStartCube.prefab
  artifactKey: Guid(aac5c52cd096ddb478b90322a92329e7) Importer(815301076,1909f56bfc062723c751e8b465ee728b)
Start importing Assets/Models/Prefabs/ForestStartCube.prefab using Guid(aac5c52cd096ddb478b90322a92329e7) Importer(815301076,1909f56bfc062723c751e8b465ee728b)  -> (artifact id: '83e647ce788bf978a25cb5fa573d8411') in 0.076622 seconds 
========================================================================
Received Import Request.
  Time since last request: 0.000028 seconds.
  path: Assets/Models/Prefabs/ForestTreeTrunkTable.prefab
  artifactKey: Guid(6d2a06de57c5fde418d2b5776239b890) Importer(815301076,1909f56bfc062723c751e8b465ee728b)
Start importing Assets/Models/Prefabs/ForestTreeTrunkTable.prefab using Guid(6d2a06de57c5fde418d2b5776239b890) Importer(815301076,1909f56bfc062723c751e8b465ee728b)  -> (artifact id: '01317d4a2f7c0bfe1f54d69ac02614a1') in 0.015215 seconds 
========================================================================
Received Import Request.
  Time since last request: 0.000034 seconds.
  path: Assets/Models/Prefabs/ForestRiverStraight.prefab
  artifactKey: Guid(0c2dede48f740494c83f3825d8448689) Importer(815301076,1909f56bfc062723c751e8b465ee728b)
Start importing Assets/Models/Prefabs/ForestRiverStraight.prefab using Guid(0c2dede48f740494c83f3825d8448689) Importer(815301076,1909f56bfc062723c751e8b465ee728b)  -> (artifact id: 'd9e065a90d3896c7877dc2ac55e67eec') in 0.052792 seconds 
========================================================================
Received Import Request.
  Time since last request: 0.000030 seconds.
  path: Assets/Models/Prefabs/ForestRiverCurveCube.prefab
  artifactKey: Guid(3d5d0fa8a1566a349972c8fa4e1e5429) Importer(815301076,1909f56bfc062723c751e8b465ee728b)
Start importing Assets/Models/Prefabs/ForestRiverCurveCube.prefab using Guid(3d5d0fa8a1566a349972c8fa4e1e5429) Importer(815301076,1909f56bfc062723c751e8b465ee728b)  -> (artifact id: '2ed28af7e81a29370ce4291ccaeaf724') in 0.062613 seconds 
========================================================================
Received Import Request.
  Time since last request: 0.000056 seconds.
  path: Assets/Models/Prefabs/ForestCurve.prefab
  artifactKey: Guid(faf9b6d79e4c16a4eae298bc366b114f) Importer(815301076,1909f56bfc062723c751e8b465ee728b)
Start importing Assets/Models/Prefabs/ForestCurve.prefab using Guid(faf9b6d79e4c16a4eae298bc366b114f) Importer(815301076,1909f56bfc062723c751e8b465ee728b)  -> (artifact id: '03dade830b322b65063dbbab0d7d7239') in 0.075955 seconds 
========================================================================
Received Import Request.
  Time since last request: 0.000029 seconds.
  path: Assets/Models/Prefabs/ForestPaddle.prefab
  artifactKey: Guid(7c957be3b0c6eda409b3b9d25d77c2ca) Importer(815301076,1909f56bfc062723c751e8b465ee728b)
Start importing Assets/Models/Prefabs/ForestPaddle.prefab using Guid(7c957be3b0c6eda409b3b9d25d77c2ca) Importer(815301076,1909f56bfc062723c751e8b465ee728b)  -> (artifact id: '42993abc5abb3877d8070ef8ff039ce8') in 0.078263 seconds 
========================================================================
Received Import Request.
  Time since last request: 0.000026 seconds.
  path: Assets/Models/Prefabs/ForestTreeSpruce_03.prefab
  artifactKey: Guid(4dc47f4c6acda044e88ecfa567bded83) Importer(815301076,1909f56bfc062723c751e8b465ee728b)
Start importing Assets/Models/Prefabs/ForestTreeSpruce_03.prefab using Guid(4dc47f4c6acda044e88ecfa567bded83) Importer(815301076,1909f56bfc062723c751e8b465ee728b)  -> (artifact id: 'f275ae805bd0fc357edd02f0d8336965') in 0.024297 seconds 
========================================================================
Received Import Request.
  Time since last request: 0.000062 seconds.
  path: Assets/Models/Prefabs/ForestCrossing_01.prefab
  artifactKey: Guid(41c2735d9fc6b0443ac57c9810116e1a) Importer(815301076,1909f56bfc062723c751e8b465ee728b)
Start importing Assets/Models/Prefabs/ForestCrossing_01.prefab using Guid(41c2735d9fc6b0443ac57c9810116e1a) Importer(815301076,1909f56bfc062723c751e8b465ee728b)  -> (artifact id: '27e25905ead3ad368bc30b19359caa33') in 0.072635 seconds 
========================================================================
Received Import Request.
  Time since last request: 0.000023 seconds.
  path: Assets/Models/Prefabs/ForestCabin.prefab
  artifactKey: Guid(27efd6fdbecef4944ad6d30061392736) Importer(815301076,1909f56bfc062723c751e8b465ee728b)
Start importing Assets/Models/Prefabs/ForestCabin.prefab using Guid(27efd6fdbecef4944ad6d30061392736) Importer(815301076,1909f56bfc062723c751e8b465ee728b)  -> (artifact id: '8dc40cc8cdfaa7bb9511a07e8beca5c8') in 0.087220 seconds 
========================================================================
Received Import Request.
  Time since last request: 0.000030 seconds.
  path: Assets/Models/Prefabs/ForestTreeTrunk_01.prefab
  artifactKey: Guid(cd5dbfdf975b663428f982c12bb59e46) Importer(815301076,1909f56bfc062723c751e8b465ee728b)
Start importing Assets/Models/Prefabs/ForestTreeTrunk_01.prefab using Guid(cd5dbfdf975b663428f982c12bb59e46) Importer(815301076,1909f56bfc062723c751e8b465ee728b)  -> (artifact id: '7cebfefd9fc10a9b35be903de6c9136f') in 0.084181 seconds 
========================================================================
Received Import Request.
  Time since last request: 0.000031 seconds.
  path: Assets/Models/Prefabs/ForestAxe.prefab
  artifactKey: Guid(ae4c0deb7fd859b41b5980da91dc805b) Importer(815301076,1909f56bfc062723c751e8b465ee728b)
Start importing Assets/Models/Prefabs/ForestAxe.prefab using Guid(ae4c0deb7fd859b41b5980da91dc805b) Importer(815301076,1909f56bfc062723c751e8b465ee728b)  -> (artifact id: '5c40658ac9f482b88ebf2a700a6af447') in 0.060778 seconds 
========================================================================
Received Import Request.
  Time since last request: 0.000027 seconds.
  path: Assets/Models/Prefabs/ForestEmptyCube.prefab
  artifactKey: Guid(af32200c1f000ba48a35c1887ca7ea6a) Importer(815301076,1909f56bfc062723c751e8b465ee728b)
Start importing Assets/Models/Prefabs/ForestEmptyCube.prefab using Guid(af32200c1f000ba48a35c1887ca7ea6a) Importer(815301076,1909f56bfc062723c751e8b465ee728b)  -> (artifact id: '9cecd66552b4859c10cffdd5669a0ecc') in 0.119672 seconds 
========================================================================
Received Import Request.
  Time since last request: 0.000030 seconds.
  path: Assets/Models/Prefabs/ForestRiverStraightCube.prefab
  artifactKey: Guid(f5be5dfc5671e874e8cf81154c7996c3) Importer(815301076,1909f56bfc062723c751e8b465ee728b)
Start importing Assets/Models/Prefabs/ForestRiverStraightCube.prefab using Guid(f5be5dfc5671e874e8cf81154c7996c3) Importer(815301076,1909f56bfc062723c751e8b465ee728b)  -> (artifact id: '7f090ea78401ef9c8b867217ca780934') in 0.057073 seconds 
========================================================================
Received Import Request.
  Time since last request: 0.000056 seconds.
  path: Assets/Models/Prefabs/ForestTreeTrunk_02.prefab
  artifactKey: Guid(ebbac93b8ec297f499ecbf6ed6c30df5) Importer(815301076,1909f56bfc062723c751e8b465ee728b)
Start importing Assets/Models/Prefabs/ForestTreeTrunk_02.prefab using Guid(ebbac93b8ec297f499ecbf6ed6c30df5) Importer(815301076,1909f56bfc062723c751e8b465ee728b)  -> (artifact id: 'e4566a68cf1554c5a92326f90846b2e4') in 0.048562 seconds 
========================================================================
Received Import Request.
  Time since last request: 0.000033 seconds.
  path: Assets/Models/Prefabs/ForestBoat.prefab
  artifactKey: Guid(a46e950069e87fb4bade2475d0852bbc) Importer(815301076,1909f56bfc062723c751e8b465ee728b)
Start importing Assets/Models/Prefabs/ForestBoat.prefab using Guid(a46e950069e87fb4bade2475d0852bbc) Importer(815301076,1909f56bfc062723c751e8b465ee728b)  -> (artifact id: 'c7e0adaa578594acacfb04b3f1d2d36d') in 0.120164 seconds 
========================================================================
Received Import Request.
  Time since last request: 0.000052 seconds.
  path: Assets/Models/Prefabs/ForestTent_01.prefab
  artifactKey: Guid(517954de9b783bd45842562b35150170) Importer(815301076,1909f56bfc062723c751e8b465ee728b)
Start importing Assets/Models/Prefabs/ForestTent_01.prefab using Guid(517954de9b783bd45842562b35150170) Importer(815301076,1909f56bfc062723c751e8b465ee728b)  -> (artifact id: 'be8f3dbd027150d22099882b25f541ab') in 0.004922 seconds 
========================================================================
Received Import Request.
  Time since last request: 0.000027 seconds.
  path: Assets/Models/Prefabs/ForestMushroom01.prefab
  artifactKey: Guid(d773542aff4fb4f42b1e1cade6d0c76f) Importer(815301076,1909f56bfc062723c751e8b465ee728b)
Start importing Assets/Models/Prefabs/ForestMushroom01.prefab using Guid(d773542aff4fb4f42b1e1cade6d0c76f) Importer(815301076,1909f56bfc062723c751e8b465ee728b)  -> (artifact id: '3176e6c1f751e2492174df934da2e935') in 0.208405 seconds 
========================================================================
Received Import Request.
  Time since last request: 0.000033 seconds.
  path: Assets/Models/Prefabs/ForestCrossing_02.prefab
  artifactKey: Guid(977d6c6473538b04388186527f4c6844) Importer(815301076,1909f56bfc062723c751e8b465ee728b)
Start importing Assets/Models/Prefabs/ForestCrossing_02.prefab using Guid(977d6c6473538b04388186527f4c6844) Importer(815301076,1909f56bfc062723c751e8b465ee728b)  -> (artifact id: 'ea0a89b48aa64efe15b9a8cd3b55b805') in 0.082648 seconds 
========================================================================
Received Import Request.
  Time since last request: 84.784713 seconds.
  path: Assets/AssetPacks
  artifactKey: Guid(28b03381e143c5346bdea3fb38931873) Importer(815301076,1909f56bfc062723c751e8b465ee728b)
Start importing Assets/AssetPacks using Guid(28b03381e143c5346bdea3fb38931873) Importer(815301076,1909f56bfc062723c751e8b465ee728b)  -> (artifact id: 'b4c3715b627edb16e9f54da6144d2514') in 0.065797 seconds 
========================================================================
Received Prepare
Registering precompiled user dll's ...
Registered in 0.004223 seconds.
Begin MonoManager ReloadAssembly
Native extension for WindowsStandalone target not found
Refreshing native plugins compatible for Editor in 0.65 ms, found 3 plugins.
Preloading 0 native plugins for Editor in 0.00 ms.
Mono: successfully reloaded assembly
- Completed reload, in  8.244 seconds
Domain Reload Profiling:
	ReloadAssembly (8324ms)
		BeginReloadAssembly (475ms)
			ExecutionOrderSort (0ms)
			DisableScriptedObjects (7ms)
			BackupInstance (0ms)
			ReleaseScriptingObjects (0ms)
			CreateAndSetChildDomain (331ms)
		EndReloadAssembly (7731ms)
			LoadAssemblies (116ms)
			RebuildTransferFunctionScriptingTraits (0ms)
			SetupTypeCache (1504ms)
			ReleaseScriptCaches (5ms)
			RebuildScriptCaches (444ms)
			SetupLoadedEditorAssemblies (3620ms)
				LogAssemblyErrors (0ms)
				InitializePlatformSupportModulesInManaged (200ms)
				SetLoadedEditorAssemblies (1ms)
				RefreshPlugins (1ms)
				BeforeProcessingInitializeOnLoad (702ms)
				ProcessInitializeOnLoadAttributes (2467ms)
				ProcessInitializeOnLoadMethodAttributes (244ms)
				AfterProcessingInitializeOnLoad (5ms)
				EditorAssembliesLoaded (0ms)
			ExecutionOrderSort2 (0ms)
			AwakeInstancesAfterBackupRestoration (47ms)
Platform modules already initialized, skipping
Refreshing native plugins compatible for Editor in 44.01 ms, found 3 plugins.
Preloading 0 native plugins for Editor in 0.00 ms.
Unloading 3142 Unused Serialized files (Serialized files now loaded: 0)
Unloading 18 unused Assets / (24.6 KB). Loaded Objects now: 3616.
Memory consumption went from 112.6 MB to 112.5 MB.
Total: 19.904600 ms (FindLiveObjects: 0.482900 ms CreateObjectMapping: 0.422100 ms MarkObjects: 18.970200 ms  DeleteObjects: 0.027800 ms)

AssetImportParameters requested are different than current active one (requested -> active):
  custom:video-decoder-ogg-theora: a1e56fd34408186e4bbccfd4996cb3dc -> 
  custom:container-muxer-webm: aa71ff27fc2769a1b78a27578f13a17b -> 
  custom:container-demuxer-webm: 4f35f7cbe854078d1ac9338744f61a02 -> 
  custom:video-encoder-webm-vp8: eb34c28f22e8b96e1ab97ce403110664 -> 
  custom:audio-encoder-webm-vorbis: bf7c407c2cedff20999df2af8eb42d56 -> 
  custom:framework-win-MediaFoundation: 216162199b28c13a410421893ffa2e32 -> 
  custom:container-demuxer-ogg: 62fdf1f143b41e24485cea50d1cbac27 -> 
  custom:video-decoder-webm-vp8: 9c59270c3fd7afecdb556c50c9e8de78 -> 
  custom:audio-decoder-ogg-vorbis: bf7c407c2cedff20999df2af8eb42d56 -> 
========================================================================
Received Prepare
Registering precompiled user dll's ...
Registered in 0.005704 seconds.
Begin MonoManager ReloadAssembly
Native extension for WindowsStandalone target not found
Refreshing native plugins compatible for Editor in 2.34 ms, found 3 plugins.
Preloading 0 native plugins for Editor in 0.00 ms.
Mono: successfully reloaded assembly
- Completed reload, in  6.393 seconds
Domain Reload Profiling:
	ReloadAssembly (6394ms)
		BeginReloadAssembly (234ms)
			ExecutionOrderSort (0ms)
			DisableScriptedObjects (12ms)
			BackupInstance (0ms)
			ReleaseScriptingObjects (0ms)
			CreateAndSetChildDomain (75ms)
		EndReloadAssembly (6033ms)
			LoadAssemblies (121ms)
			RebuildTransferFunctionScriptingTraits (0ms)
			SetupTypeCache (622ms)
			ReleaseScriptCaches (2ms)
			RebuildScriptCaches (109ms)
			SetupLoadedEditorAssemblies (3456ms)
				LogAssemblyErrors (0ms)
				InitializePlatformSupportModulesInManaged (179ms)
				SetLoadedEditorAssemblies (19ms)
				RefreshPlugins (2ms)
				BeforeProcessingInitializeOnLoad (659ms)
				ProcessInitializeOnLoadAttributes (2360ms)
				ProcessInitializeOnLoadMethodAttributes (220ms)
				AfterProcessingInitializeOnLoad (17ms)
				EditorAssembliesLoaded (0ms)
			ExecutionOrderSort2 (0ms)
			AwakeInstancesAfterBackupRestoration (29ms)
Platform modules already initialized, skipping
Refreshing native plugins compatible for Editor in 0.53 ms, found 3 plugins.
Preloading 0 native plugins for Editor in 0.00 ms.
Unloading 3142 Unused Serialized files (Serialized files now loaded: 0)
Unloading 18 unused Assets / (24.6 KB). Loaded Objects now: 3618.
Memory consumption went from 112.6 MB to 112.5 MB.
Total: 5.737700 ms (FindLiveObjects: 0.572300 ms CreateObjectMapping: 0.309500 ms MarkObjects: 4.832500 ms  DeleteObjects: 0.021900 ms)

AssetImportParameters requested are different than current active one (requested -> active):
  custom:video-decoder-ogg-theora: a1e56fd34408186e4bbccfd4996cb3dc -> 
  custom:container-muxer-webm: aa71ff27fc2769a1b78a27578f13a17b -> 
  custom:container-demuxer-webm: 4f35f7cbe854078d1ac9338744f61a02 -> 
  custom:video-encoder-webm-vp8: eb34c28f22e8b96e1ab97ce403110664 -> 
  custom:audio-encoder-webm-vorbis: bf7c407c2cedff20999df2af8eb42d56 -> 
  custom:framework-win-MediaFoundation: 216162199b28c13a410421893ffa2e32 -> 
  custom:container-demuxer-ogg: 62fdf1f143b41e24485cea50d1cbac27 -> 
  custom:video-decoder-webm-vp8: 9c59270c3fd7afecdb556c50c9e8de78 -> 
  custom:audio-decoder-ogg-vorbis: bf7c407c2cedff20999df2af8eb42d56 -> 
========================================================================
Received Prepare
Registering precompiled user dll's ...
Registered in 0.164985 seconds.
Begin MonoManager ReloadAssembly
Native extension for WindowsStandalone target not found
Refreshing native plugins compatible for Editor in 1.09 ms, found 3 plugins.
Preloading 0 native plugins for Editor in 0.00 ms.
Mono: successfully reloaded assembly
- Completed reload, in  7.468 seconds
Domain Reload Profiling:
	ReloadAssembly (7469ms)
		BeginReloadAssembly (218ms)
			ExecutionOrderSort (0ms)
			DisableScriptedObjects (18ms)
			BackupInstance (0ms)
			ReleaseScriptingObjects (0ms)
			CreateAndSetChildDomain (55ms)
		EndReloadAssembly (7130ms)
			LoadAssemblies (131ms)
			RebuildTransferFunctionScriptingTraits (0ms)
			SetupTypeCache (368ms)
			ReleaseScriptCaches (4ms)
			RebuildScriptCaches (391ms)
			SetupLoadedEditorAssemblies (4395ms)
				LogAssemblyErrors (0ms)
				InitializePlatformSupportModulesInManaged (103ms)
				SetLoadedEditorAssemblies (142ms)
				RefreshPlugins (1ms)
				BeforeProcessingInitializeOnLoad (708ms)
				ProcessInitializeOnLoadAttributes (2998ms)
				ProcessInitializeOnLoadMethodAttributes (369ms)
				AfterProcessingInitializeOnLoad (73ms)
				EditorAssembliesLoaded (0ms)
			ExecutionOrderSort2 (0ms)
			AwakeInstancesAfterBackupRestoration (117ms)
Platform modules already initialized, skipping
Refreshing native plugins compatible for Editor in 46.31 ms, found 3 plugins.
Preloading 0 native plugins for Editor in 0.00 ms.
Unloading 3142 Unused Serialized files (Serialized files now loaded: 0)
Unloading 18 unused Assets / (24.6 KB). Loaded Objects now: 3620.
Memory consumption went from 112.6 MB to 112.5 MB.
Total: 39.977000 ms (FindLiveObjects: 0.342300 ms CreateObjectMapping: 0.316600 ms MarkObjects: 39.288600 ms  DeleteObjects: 0.026800 ms)

AssetImportParameters requested are different than current active one (requested -> active):
  custom:video-decoder-ogg-theora: a1e56fd34408186e4bbccfd4996cb3dc -> 
  custom:container-muxer-webm: aa71ff27fc2769a1b78a27578f13a17b -> 
  custom:container-demuxer-webm: 4f35f7cbe854078d1ac9338744f61a02 -> 
  custom:video-encoder-webm-vp8: eb34c28f22e8b96e1ab97ce403110664 -> 
  custom:audio-encoder-webm-vorbis: bf7c407c2cedff20999df2af8eb42d56 -> 
  custom:framework-win-MediaFoundation: 216162199b28c13a410421893ffa2e32 -> 
  custom:container-demuxer-ogg: 62fdf1f143b41e24485cea50d1cbac27 -> 
  custom:video-decoder-webm-vp8: 9c59270c3fd7afecdb556c50c9e8de78 -> 
  custom:audio-decoder-ogg-vorbis: bf7c407c2cedff20999df2af8eb42d56 -> 
========================================================================
Received Import Request.
  Time since last request: 562.151939 seconds.
  path: Assets/Scenes/SampleScene.unity
  artifactKey: Guid(9fc0d4010bbf28b4594072e72b8655ab) Importer(815301076,1909f56bfc062723c751e8b465ee728b)
Start importing Assets/Scenes/SampleScene.unity using Guid(9fc0d4010bbf28b4594072e72b8655ab) Importer(815301076,1909f56bfc062723c751e8b465ee728b)  -> (artifact id: 'e2e652b057fa628c4936e319f034d6b2') in 0.075303 seconds 
========================================================================
Received Import Request.
  Time since last request: 5.863448 seconds.
  path: Assets/Scenes/MainScene.unity
  artifactKey: Guid(9fc0d4010bbf28b4594072e72b8655ab) Importer(815301076,1909f56bfc062723c751e8b465ee728b)
Start importing Assets/Scenes/MainScene.unity using Guid(9fc0d4010bbf28b4594072e72b8655ab) Importer(815301076,1909f56bfc062723c751e8b465ee728b)  -> (artifact id: 'a6202d347dca1f0233014beece7a06f3') in 0.088405 seconds 
========================================================================
Received Import Request.
  Time since last request: 17.780999 seconds.
  path: Assets/Models/Prefabs/Terrain
  artifactKey: Guid(e5f658544bf7b4e449fe1d42c983a977) Importer(815301076,1909f56bfc062723c751e8b465ee728b)
Start importing Assets/Models/Prefabs/Terrain using Guid(e5f658544bf7b4e449fe1d42c983a977) Importer(815301076,1909f56bfc062723c751e8b465ee728b)  -> (artifact id: '9509edd320c4db98df1a674ec5896d34') in 0.058170 seconds 
========================================================================
Received Import Request.
  Time since last request: 14.105450 seconds.
  path: Assets/Models/Prefabs/ForestAxe 1.prefab
  artifactKey: Guid(d9fb4e8a1b1e6ab4f877dd253dfcc102) Importer(815301076,1909f56bfc062723c751e8b465ee728b)
Start importing Assets/Models/Prefabs/ForestAxe 1.prefab using Guid(d9fb4e8a1b1e6ab4f877dd253dfcc102) Importer(815301076,1909f56bfc062723c751e8b465ee728b)  -> (artifact id: '964eb11392ffbd680d39ca1b3973f247') in 0.468738 seconds 
========================================================================
Received Import Request.
  Time since last request: 9.289232 seconds.
  path: Assets/Models/Prefabs/Terrain 1
  artifactKey: Guid(cc93623ade0ca784cae173f109c427b5) Importer(815301076,1909f56bfc062723c751e8b465ee728b)
Start importing Assets/Models/Prefabs/Terrain 1 using Guid(cc93623ade0ca784cae173f109c427b5) Importer(815301076,1909f56bfc062723c751e8b465ee728b)  -> (artifact id: '2b98d90b47f8974e2b4bb43056d4d384') in 0.032002 seconds 
